<?xml version="1.0" encoding="UTF-8"?>
<testsuite xmlns:xsi="http://www.w3.org/2001/XMLSchema-instance" xsi:noNamespaceSchemaLocation="https://maven.apache.org/surefire/maven-surefire-plugin/xsd/surefire-test-report-3.0.xsd" version="3.0" name="edu.tudai.arq.MonopatinServiceApplicationTests" time="6.734" tests="1" errors="0" skipped="0" failures="0">
  <properties>
[...]
</properties>
  <testcase name="contextLoads" classname="edu.tudai.arq.MonopatinServiceApplicationTests" time="0.29">
    <system-out><![CDATA[
  .   ____          _            __ _ _
 /\\ / ___'_ __ _ _(_)_ __  __ _ \ \ \ \
( ( )\___ | '_ | '_| | '_ \/ _` | \ \ \ \
 \\/  ___)| |_)| | | | | || (_| |  ) ) ) )
  '  |____| .__|_| |_|_| |_\__, | / / / /
 =========|_|==============|___/=/_/_/_/

 :: Spring Boot ::                (v3.5.7)

2025-11-02T14:40:31.122-03:00  INFO 18704 --- [monopatin-service] [           main] e.t.a.MonopatinServiceApplicationTests   : Starting MonopatinServiceApplicationTests using Java 21.0.8 with PID 18704 (started by Admin in C:\Users\Admin\Desktop\ArqWeb-Entregables-Grupo25-dev\tpEspecial\monopatin-service)
2025-11-02T14:40:31.124-03:00  INFO 18704 --- [monopatin-service] [           main] e.t.a.MonopatinServiceApplicationTests   : No active profile set, falling back to 1 default profile: "default"
2025-11-02T14:40:31.842-03:00  INFO 18704 --- [monopatin-service] [           main] .s.d.r.c.RepositoryConfigurationDelegate : Bootstrapping Spring Data JPA repositories in DEFAULT mode.
2025-11-02T14:40:31.961-03:00  INFO 18704 --- [monopatin-service] [           main] .s.d.r.c.RepositoryConfigurationDelegate : Finished Spring Data repository scanning in 110 ms. Found 1 JPA repository interface.
2025-11-02T14:40:32.129-03:00  INFO 18704 --- [monopatin-service] [           main] o.s.cloud.context.scope.GenericScope     : BeanFactory id=bb05ab47-111b-3d0e-8555-2a8dc170cba0
2025-11-02T14:40:32.408-03:00  INFO 18704 --- [monopatin-service] [           main] o.hibernate.jpa.internal.util.LogHelper  : HHH000204: Processing PersistenceUnitInfo [name: default]
2025-11-02T14:40:32.463-03:00  INFO 18704 --- [monopatin-service] [           main] org.hibernate.Version                    : HHH000412: Hibernate ORM core version 6.6.33.Final
2025-11-02T14:40:32.495-03:00  INFO 18704 --- [monopatin-service] [           main] o.h.c.internal.RegionFactoryInitiator    : HHH000026: Second-level cache disabled
2025-11-02T14:40:32.760-03:00  INFO 18704 --- [monopatin-service] [           main] o.s.o.j.p.SpringPersistenceUnitInfo      : No LoadTimeWeaver setup: ignoring JPA class transformer
2025-11-02T14:40:32.790-03:00  INFO 18704 --- [monopatin-service] [           main] com.zaxxer.hikari.HikariDataSource       : HikariPool-1 - Starting...
2025-11-02T14:40:32.917-03:00  INFO 18704 --- [monopatin-service] [           main] com.zaxxer.hikari.pool.HikariPool        : HikariPool-1 - Added connection com.mysql.cj.jdbc.ConnectionImpl@46e6458d
2025-11-02T14:40:32.919-03:00  INFO 18704 --- [monopatin-service] [           main] com.zaxxer.hikari.HikariDataSource       : HikariPool-1 - Start completed.
2025-11-02T14:40:32.964-03:00  WARN 18704 --- [monopatin-service] [           main] org.hibernate.dialect.Dialect            : HHH000511: The 5.5.5 version for [org.hibernate.dialect.MySQLDialect] is no longer supported, hence certain features may not work properly. The minimum supported version is 8.0.0. Check the community dialects project for available legacy versions.
2025-11-02T14:40:32.980-03:00  INFO 18704 --- [monopatin-service] [           main] org.hibernate.orm.connections.pooling    : HHH10001005: Database info:
	Database JDBC URL [Connecting through datasource 'HikariDataSource (HikariPool-1)']
	Database driver: undefined/unknown
	Database version: 5.5.5
	Autocommit mode: undefined/unknown
	Isolation level: undefined/unknown
	Minimum pool size: undefined/unknown
	Maximum pool size: undefined/unknown
2025-11-02T14:40:33.583-03:00  INFO 18704 --- [monopatin-service] [           main] o.h.e.t.j.p.i.JtaPlatformInitiator       : HHH000489: No JTA platform available (set 'hibernate.transaction.jta.platform' to enable JTA platform integration)
Hibernate: drop table if exists monopatin
Hibernate: create table monopatin (kilometros_totales float(53) not null, latitud float(53) not null, longitud float(53) not null, id bigint not null auto_increment, tiempo_uso_total bigint not null, estado enum ('DISPONIBLE','EN_MANTENIMIENTO','EN_USO') not null, primary key (id)) engine=InnoDB
Hibernate: INSERT INTO monopatin (id, estado, latitud, longitud, kilometros_totales, tiempo_uso_total) VALUES (1, 'DISPONIBLE', -34.59762, -58.42318, 5.2, 85)
Hibernate: INSERT INTO monopatin (id, estado, latitud, longitud, kilometros_totales, tiempo_uso_total) VALUES (2, 'EN_USO', -34.60333, -58.37956, 12.8, 150)
Hibernate: INSERT INTO monopatin (id, estado, latitud, longitud, kilometros_totales, tiempo_uso_total) VALUES (3, 'DISPONIBLE', -34.60749, -58.39722, 0.5, 10)
Hibernate: INSERT INTO monopatin (id, estado, latitud, longitud, kilometros_totales, tiempo_uso_total) VALUES (4, 'EN_MANTENIMIENTO', -34.58784, -58.41245, 150.7, 900)
Hibernate: INSERT INTO monopatin (id, estado, latitud, longitud, kilometros_totales, tiempo_uso_total) VALUES (5, 'DISPONIBLE', -34.61805, -58.40201, 2.1, 40)
2025-11-02T14:40:33.918-03:00  INFO 18704 --- [monopatin-service] [           main] j.LocalContainerEntityManagerFactoryBean : Initialized JPA EntityManagerFactory for persistence unit 'default'
2025-11-02T14:40:35.776-03:00  INFO 18704 --- [monopatin-service] [           main] o.s.cloud.commons.util.InetUtils         : Cannot determine local hostname
2025-11-02T14:40:35.784-03:00  INFO 18704 --- [monopatin-service] [           main] DiscoveryClientOptionalArgsConfiguration : Eureka HTTP Client uses RestTemplate.
2025-11-02T14:40:35.812-03:00  WARN 18704 --- [monopatin-service] [           main] iguration$LoadBalancerCaffeineWarnLogger : Spring Cloud LoadBalancer is currently working with the default cache. While this cache implementation is useful for development and tests, it's recommended to use Caffeine cache in production.You can switch to using Caffeine cache, by adding it and org.springframework.cache.caffeine.CaffeineCacheManager to the classpath.
2025-11-02T14:40:35.846-03:00  INFO 18704 --- [monopatin-service] [           main] e.t.a.MonopatinServiceApplicationTests   : Started MonopatinServiceApplicationTests in 5.984 seconds (process running for 6.889)
]]></system-out>
    <system-err><![CDATA[Mockito is currently self-attaching to enable the inline-mock-maker. This will no longer work in future releases of the JDK. Please add Mockito as an agent to your build as described in Mockito's documentation: https://javadoc.io/doc/org.mockito/mockito-core/latest/org.mockito/org/mockito/Mockito.html#0.3
WARNING: A Java agent has been loaded dynamically (C:\Users\Admin\.m2\repository\net\bytebuddy\byte-buddy-agent\1.17.8\byte-buddy-agent-1.17.8.jar)
WARNING: If a serviceability tool is in use, please run with -XX:+EnableDynamicAgentLoading to hide this warning
WARNING: If a serviceability tool is not in use, please run with -Djdk.instrument.traceUsage for more information
WARNING: Dynamic loading of agents will be disallowed by default in a future release
]]></system-err>
  </testcase>
</testsuite>